<?xml version="1.0" encoding="UTF-8"?>
<!-- Generated by org.testng.reporters.JUnitXMLReporter -->
<testsuite ignored="7" hostname="LAPTOP-GKHRCD72" failures="1" tests="1" name="AutomationTests" time="13.338" errors="0" timestamp="2023-06-11T19:35:53 IST">
  <testcase classname="qalegend.PaymentAccountModule" name="verifyUserIsAbleToAddAccountSuccessfully" time="4.073">
    <failure type="org.openqa.selenium.ElementClickInterceptedException" message="element click intercepted: Element &amp;lt;a href=&amp;quot;#&amp;quot;&amp;gt;...&amp;lt;/a&amp;gt; is not clickable at point (115, 468). Other element would receive the click: &amp;lt;div class=&amp;quot;tour-backdrop bottom&amp;quot; style=&amp;quot;top: -2.44141e-05px; left: 0px; height: 1561px; width: 1530px;&amp;quot;&amp;gt;&amp;lt;/div&amp;gt;
  (Session info: chrome=114.0.5735.110)
Build info: version: &amp;apos;4.8.0&amp;apos;, revision: &amp;apos;267030adea&amp;apos;
System info: os.name: &amp;apos;Windows 11&amp;apos;, os.arch: &amp;apos;amd64&amp;apos;, os.version: &amp;apos;10.0&amp;apos;, java.version: &amp;apos;11.0.18&amp;apos;
Driver info: org.openqa.selenium.chrome.ChromeDriver
Command: [cee28e0109db864aa4840f7f5a34b4ef, clickElement {id=BB7873701070F93C246D76D7E0C3E0AD_element_55}]
Capabilities {acceptInsecureCerts: false, browserName: chrome, browserVersion: 114.0.5735.110, chrome: {chromedriverVersion: 114.0.5735.90 (386bc09e8f4f..., userDataDir: C:\Users\arath\AppData\Loca...}, goog:chromeOptions: {debuggerAddress: localhost:52883}, networkConnectionEnabled: false, pageLoadStrategy: normal, platformName: WINDOWS, proxy: Proxy(), se:cdp: ws://localhost:52883/devtoo..., se:cdpVersion: 114.0.5735.110, setWindowRect: true, strictFileInteractability: false, timeouts: {implicit: 0, pageLoad: 300000, script: 30000}, unhandledPromptBehavior: dismiss and notify, webauthn:extension:credBlob: true, webauthn:extension:largeBlob: true, webauthn:extension:minPinLength: true, webauthn:extension:prf: true, webauthn:virtualAuthenticators: true}
Element: [[ChromeDriver: chrome on WINDOWS (cee28e0109db864aa4840f7f5a34b4ef)] -&amp;gt; link text: Payment Accounts]
Session ID: cee28e0109db864aa4840f7f5a34b4ef">
      <![CDATA[org.openqa.selenium.ElementClickInterceptedException: element click intercepted: Element <a href="#">...</a> is not clickable at point (115, 468). Other element would receive the click: <div class="tour-backdrop bottom" style="top: -2.44141e-05px; left: 0px; height: 1561px; width: 1530px;"></div>
  (Session info: chrome=114.0.5735.110)
Build info: version: '4.8.0', revision: '267030adea'
System info: os.name: 'Windows 11', os.arch: 'amd64', os.version: '10.0', java.version: '11.0.18'
Driver info: org.openqa.selenium.chrome.ChromeDriver
Command: [cee28e0109db864aa4840f7f5a34b4ef, clickElement {id=BB7873701070F93C246D76D7E0C3E0AD_element_55}]
Capabilities {acceptInsecureCerts: false, browserName: chrome, browserVersion: 114.0.5735.110, chrome: {chromedriverVersion: 114.0.5735.90 (386bc09e8f4f..., userDataDir: C:\Users\arath\AppData\Loca...}, goog:chromeOptions: {debuggerAddress: localhost:52883}, networkConnectionEnabled: false, pageLoadStrategy: normal, platformName: WINDOWS, proxy: Proxy(), se:cdp: ws://localhost:52883/devtoo..., se:cdpVersion: 114.0.5735.110, setWindowRect: true, strictFileInteractability: false, timeouts: {implicit: 0, pageLoad: 300000, script: 30000}, unhandledPromptBehavior: dismiss and notify, webauthn:extension:credBlob: true, webauthn:extension:largeBlob: true, webauthn:extension:minPinLength: true, webauthn:extension:prf: true, webauthn:virtualAuthenticators: true}
Element: [[ChromeDriver: chrome on WINDOWS (cee28e0109db864aa4840f7f5a34b4ef)] -> link text: Payment Accounts]
Session ID: cee28e0109db864aa4840f7f5a34b4ef
at org.openqa.selenium.remote.codec.w3c.W3CHttpResponseCodec.createException(W3CHttpResponseCodec.java:200)
at org.openqa.selenium.remote.codec.w3c.W3CHttpResponseCodec.decode(W3CHttpResponseCodec.java:133)
at org.openqa.selenium.remote.codec.w3c.W3CHttpResponseCodec.decode(W3CHttpResponseCodec.java:53)
at org.openqa.selenium.remote.HttpCommandExecutor.execute(HttpCommandExecutor.java:184)
at org.openqa.selenium.remote.service.DriverCommandExecutor.invokeExecute(DriverCommandExecutor.java:167)
at org.openqa.selenium.remote.service.DriverCommandExecutor.execute(DriverCommandExecutor.java:142)
at org.openqa.selenium.remote.RemoteWebDriver.execute(RemoteWebDriver.java:543)
at org.openqa.selenium.remote.RemoteWebElement.execute(RemoteWebElement.java:257)
at org.openqa.selenium.remote.RemoteWebElement.click(RemoteWebElement.java:78)
at org.openqa.selenium.support.pagefactory.internal.LocatingElementHandler.invoke(LocatingElementHandler.java:52)
at com.sun.proxy.$Proxy19.click(Unknown Source)
at qalegend.utils.PageUtility.clickFunction(PageUtility.java:22)
at pages.DashboardPage.navigateToAccounts(DashboardPage.java:82)
at qalegend.PaymentAccountModule.verifyUserIsAbleToAddAccountSuccessfully(PaymentAccountModule.java:30)
at java.base/java.util.ArrayList.forEach(ArrayList.java:1541)
... Removed 35 stack frames]]>
    </failure>
  </testcase> <!-- verifyUserIsAbleToAddAccountSuccessfully -->
  <testcase classname="qalegend.PaymentAccountModule" name="verifyBalanceIncreasesWithDeposits" time="0.0">
    <ignored/>
  </testcase> <!-- verifyBalanceIncreasesWithDeposits -->
  <testcase classname="qalegend.PaymentAccountModule" name="verifyUserIsAbleToCloseAccountOnAcceptingConfirmationPopUp" time="0.0">
    <ignored/>
  </testcase> <!-- verifyUserIsAbleToCloseAccountOnAcceptingConfirmationPopUp -->
  <testcase classname="qalegend.PaymentAccountModule" name="verifyBalanceShownInPaymentAccountsPageIsCorrect" time="0.0">
    <ignored/>
  </testcase> <!-- verifyBalanceShownInPaymentAccountsPageIsCorrect -->
  <testcase classname="qalegend.PaymentAccountModule" name="verifyClosedAccountsAreNotDisplayedForFundTransferTOAccountDropdown" time="0.0">
    <ignored/>
  </testcase> <!-- verifyClosedAccountsAreNotDisplayedForFundTransferTOAccountDropdown -->
  <testcase classname="qalegend.PaymentAccountModule" name="verifyAccountCanBeEditedSuccessfully" time="0.0">
    <ignored/>
  </testcase> <!-- verifyAccountCanBeEditedSuccessfully -->
  <testcase classname="qalegend.PaymentAccountModule" name="verifyUserIsNotAbleToCloseAccountOnCancellingConfirmationPopUp" time="0.0">
    <ignored/>
  </testcase> <!-- verifyUserIsNotAbleToCloseAccountOnCancellingConfirmationPopUp -->
  <testcase classname="qalegend.PaymentAccountModule" name="verifyUserIsAbleToTransferFundSuccessfully" time="0.0">
    <ignored/>
  </testcase> <!-- verifyUserIsAbleToTransferFundSuccessfully -->
</testsuite> <!-- AutomationTests -->
